<?xml version="1.0" encoding="UTF-8"?>
<coverage generated="1573162054462" clover="3.2.0">
  <project timestamp="1573162054462" name="All files">
    <metrics statements="23" coveredstatements="12" conditionals="6" coveredconditionals="1" methods="7" coveredmethods="4" elements="36" coveredelements="17" complexity="0" loc="23" ncloc="23" packages="2" files="2" classes="2"/>
    <package name="Board">
      <metrics statements="19" coveredstatements="8" conditionals="4" coveredconditionals="0" methods="6" coveredmethods="3"/>
      <file name="index.jsx" path="C:\Users\Isela Reyes\Desktop\CDMX007-TIC-TAC-TOE-RN\src\components\Board\index.jsx">
        <metrics statements="19" coveredstatements="8" conditionals="4" coveredconditionals="0" methods="6" coveredmethods="3"/>
        <line num="10" count="6" type="stmt"/>
        <line num="11" count="6" type="stmt"/>
        <line num="15" count="6" type="stmt"/>
        <line num="16" count="6" type="stmt"/>
        <line num="17" count="6" type="stmt"/>
        <line num="22" count="0" type="stmt"/>
        <line num="23" count="0" type="stmt"/>
        <line num="24" count="0" type="cond" truecount="0" falsecount="2"/>
        <line num="25" count="0" type="stmt"/>
        <line num="26" count="0" type="stmt"/>
        <line num="27" count="0" type="stmt"/>
        <line num="29" count="0" type="cond" truecount="0" falsecount="2"/>
        <line num="30" count="0" type="stmt"/>
        <line num="31" count="0" type="stmt"/>
        <line num="35" count="0" type="stmt"/>
        <line num="39" count="0" type="stmt"/>
        <line num="43" count="6" type="stmt"/>
        <line num="52" count="54" type="stmt"/>
        <line num="64" count="1" type="stmt"/>
      </file>
    </package>
    <package name="Squarebox">
      <metrics statements="4" coveredstatements="4" conditionals="2" coveredconditionals="1" methods="1" coveredmethods="1"/>
      <file name="index.jsx" path="C:\Users\Isela Reyes\Desktop\CDMX007-TIC-TAC-TOE-RN\src\components\Squarebox\index.jsx">
        <metrics statements="4" coveredstatements="4" conditionals="2" coveredconditionals="1" methods="1" coveredmethods="1"/>
        <line num="8" count="45" type="stmt"/>
        <line num="9" count="45" type="cond" truecount="1" falsecount="1"/>
        <line num="10" count="45" type="stmt"/>
        <line num="21" count="1" type="stmt"/>
      </file>
    </package>
  </project>
</coverage>
