<?xml version="1.0" encoding="UTF-8"?>
<coverage generated="1574117817771" clover="3.2.0">
  <project timestamp="1574117817771" name="All files">
    <metrics statements="44" coveredstatements="14" conditionals="21" coveredconditionals="1" methods="11" coveredmethods="4" elements="76" coveredelements="19" complexity="0" loc="44" ncloc="44" packages="3" files="3" classes="3"/>
    <package name="components.Board">
      <metrics statements="28" coveredstatements="8" conditionals="12" coveredconditionals="0" methods="7" coveredmethods="3"/>
      <file name="index.jsx" path="C:\Users\Isela Reyes\Desktop\CDMX007-TIC-TAC-TOE-RN\src\components\Board\index.jsx">
        <metrics statements="28" coveredstatements="8" conditionals="12" coveredconditionals="0" methods="7" coveredmethods="3"/>
        <line num="11" count="11" type="stmt"/>
        <line num="12" count="11" type="stmt"/>
        <line num="16" count="11" type="stmt"/>
        <line num="17" count="11" type="stmt"/>
        <line num="18" count="11" type="stmt"/>
        <line num="23" count="0" type="stmt"/>
        <line num="24" count="0" type="stmt"/>
        <line num="25" count="0" type="cond" truecount="0" falsecount="2"/>
        <line num="26" count="0" type="stmt"/>
        <line num="27" count="0" type="stmt"/>
        <line num="28" count="0" type="stmt"/>
        <line num="30" count="0" type="cond" truecount="0" falsecount="2"/>
        <line num="31" count="0" type="stmt"/>
        <line num="32" count="0" type="stmt"/>
        <line num="36" count="0" type="stmt"/>
        <line num="37" count="0" type="stmt"/>
        <line num="38" count="0" type="cond" truecount="0" falsecount="4"/>
        <line num="39" count="0" type="stmt"/>
        <line num="40" count="0" type="stmt"/>
        <line num="41" count="0" type="stmt"/>
        <line num="43" count="0" type="cond" truecount="0" falsecount="4"/>
        <line num="44" count="0" type="stmt"/>
        <line num="45" count="0" type="stmt"/>
        <line num="50" count="0" type="stmt"/>
        <line num="54" count="0" type="stmt"/>
        <line num="58" count="11" type="stmt"/>
        <line num="70" count="99" type="stmt"/>
        <line num="82" count="1" type="stmt"/>
      </file>
    </package>
    <package name="components.Squarebox">
      <metrics statements="4" coveredstatements="4" conditionals="2" coveredconditionals="1" methods="1" coveredmethods="1"/>
      <file name="index.jsx" path="C:\Users\Isela Reyes\Desktop\CDMX007-TIC-TAC-TOE-RN\src\components\Squarebox\index.jsx">
        <metrics statements="4" coveredstatements="4" conditionals="2" coveredconditionals="1" methods="1" coveredmethods="1"/>
        <line num="8" count="90" type="stmt"/>
        <line num="9" count="90" type="cond" truecount="1" falsecount="1"/>
        <line num="10" count="90" type="stmt"/>
        <line num="21" count="1" type="stmt"/>
      </file>
    </package>
    <package name="utils">
      <metrics statements="12" coveredstatements="2" conditionals="7" coveredconditionals="0" methods="3" coveredmethods="0"/>
      <file name="winnerMoves.js" path="C:\Users\Isela Reyes\Desktop\CDMX007-TIC-TAC-TOE-RN\src\utils\winnerMoves.js">
        <metrics statements="12" coveredstatements="2" conditionals="7" coveredconditionals="0" methods="3" coveredmethods="0"/>
        <line num="1" count="1" type="stmt"/>
        <line num="2" count="0" type="stmt"/>
        <line num="12" count="0" type="stmt"/>
        <line num="13" count="0" type="stmt"/>
        <line num="14" count="0" type="cond" truecount="0" falsecount="5"/>
        <line num="15" count="0" type="stmt"/>
        <line num="18" count="0" type="stmt"/>
        <line num="21" count="1" type="stmt"/>
        <line num="22" count="0" type="stmt"/>
        <line num="23" count="0" type="cond" truecount="0" falsecount="2"/>
        <line num="24" count="0" type="stmt"/>
        <line num="26" count="0" type="stmt"/>
      </file>
    </package>
  </project>
</coverage>
