{"C:\\Users\\Isela Reyes\\Desktop\\CDMX007-TIC-TAC-TOE-RN\\src\\components\\Board\\index.jsx": {"path":"C:\\Users\\Isela Reyes\\Desktop\\CDMX007-TIC-TAC-TOE-RN\\src\\components\\Board\\index.jsx","statementMap":{"0":{"start":{"line":10,"column":8},"end":{"line":10,"column":21}},"1":{"start":{"line":11,"column":8},"end":{"line":14,"column":9}},"2":{"start":{"line":15,"column":8},"end":{"line":15,"column":54}},"3":{"start":{"line":16,"column":8},"end":{"line":16,"column":51}},"4":{"start":{"line":17,"column":8},"end":{"line":17,"column":56}},"5":{"start":{"line":22,"column":22},"end":{"line":22,"column":46}},"6":{"start":{"line":23,"column":21},"end":{"line":23,"column":36}},"7":{"start":{"line":24,"column":8},"end":{"line":28,"column":9}},"8":{"start":{"line":25,"column":12},"end":{"line":25,"column":68}},"9":{"start":{"line":26,"column":12},"end":{"line":26,"column":47}},"10":{"start":{"line":27,"column":12},"end":{"line":27,"column":18}},"11":{"start":{"line":29,"column":8},"end":{"line":29,"column":49}},"12":{"start":{"line":30,"column":8},"end":{"line":30,"column":37}},"13":{"start":{"line":31,"column":8},"end":{"line":31,"column":31}},"14":{"start":{"line":35,"column":8},"end":{"line":35,"column":51}},"15":{"start":{"line":39,"column":8},"end":{"line":39,"column":34}},"16":{"start":{"line":43,"column":8},"end":{"line":60,"column":9}},"17":{"start":{"line":52,"column":24},"end":{"line":56,"column":40}},"18":{"start":{"line":64,"column":0},"end":{"line":67,"column":2}}},"fnMap":{"0":{"name":"(anonymous_0)","decl":{"start":{"line":9,"column":4},"end":{"line":9,"column":5}},"loc":{"start":{"line":9,"column":22},"end":{"line":18,"column":5}},"line":9},"1":{"name":"(anonymous_1)","decl":{"start":{"line":20,"column":4},"end":{"line":20,"column":5}},"loc":{"start":{"line":20,"column":18},"end":{"line":32,"column":5}},"line":20},"2":{"name":"(anonymous_2)","decl":{"start":{"line":34,"column":4},"end":{"line":34,"column":5}},"loc":{"start":{"line":34,"column":16},"end":{"line":36,"column":5}},"line":34},"3":{"name":"(anonymous_3)","decl":{"start":{"line":38,"column":4},"end":{"line":38,"column":5}},"loc":{"start":{"line":38,"column":19},"end":{"line":40,"column":5}},"line":38},"4":{"name":"(anonymous_4)","decl":{"start":{"line":42,"column":4},"end":{"line":42,"column":5}},"loc":{"start":{"line":42,"column":12},"end":{"line":61,"column":5}},"line":42},"5":{"name":"(anonymous_5)","decl":{"start":{"line":51,"column":42},"end":{"line":51,"column":43}},"loc":{"start":{"line":52,"column":24},"end":{"line":56,"column":40}},"line":52}},"branchMap":{"0":{"loc":{"start":{"line":24,"column":8},"end":{"line":28,"column":9}},"type":"if","locations":[{"start":{"line":24,"column":8},"end":{"line":28,"column":9}},{"start":{"line":24,"column":8},"end":{"line":28,"column":9}}],"line":24},"1":{"loc":{"start":{"line":29,"column":32},"end":{"line":29,"column":47}},"type":"cond-expr","locations":[{"start":{"line":29,"column":39},"end":{"line":29,"column":42}},{"start":{"line":29,"column":44},"end":{"line":29,"column":47}}],"line":29}},"s":{"0":9,"1":9,"2":9,"3":9,"4":9,"5":0,"6":0,"7":0,"8":0,"9":0,"10":0,"11":0,"12":0,"13":0,"14":0,"15":0,"16":9,"17":81,"18":1},"f":{"0":9,"1":0,"2":0,"3":0,"4":9,"5":81},"b":{"0":[0,0],"1":[0,0]},"_coverageSchema":"43e27e138ebf9cfc5966b082cf9a028302ed4184","hash":"f7e826f841452334d7ec6ae2860b8098e26afd40"}
,"C:\\Users\\Isela Reyes\\Desktop\\CDMX007-TIC-TAC-TOE-RN\\src\\components\\Squarebox\\index.jsx": {"path":"C:\\Users\\Isela Reyes\\Desktop\\CDMX007-TIC-TAC-TOE-RN\\src\\components\\Squarebox\\index.jsx","statementMap":{"0":{"start":{"line":8,"column":45},"end":{"line":8,"column":55}},"1":{"start":{"line":9,"column":22},"end":{"line":9,"column":67}},"2":{"start":{"line":10,"column":8},"end":{"line":17,"column":9}},"3":{"start":{"line":21,"column":0},"end":{"line":29,"column":1}}},"fnMap":{"0":{"name":"(anonymous_0)","decl":{"start":{"line":7,"column":3},"end":{"line":7,"column":4}},"loc":{"start":{"line":7,"column":11},"end":{"line":18,"column":4}},"line":7}},"branchMap":{"0":{"loc":{"start":{"line":9,"column":36},"end":{"line":9,"column":64}},"type":"cond-expr","locations":[{"start":{"line":9,"column":49},"end":{"line":9,"column":56}},{"start":{"line":9,"column":58},"end":{"line":9,"column":64}}],"line":9}},"s":{"0":72,"1":72,"2":72,"3":1},"f":{"0":72},"b":{"0":[0,72]},"_coverageSchema":"43e27e138ebf9cfc5966b082cf9a028302ed4184","hash":"ece808bc311fba0491d9f40f1e630e6e247da693"}
}
