{"C:\\Users\\Isela Reyes\\Desktop\\CDMX007-TIC-TAC-TOE-RN\\src\\components\\Board\\index.jsx": {"path":"C:\\Users\\Isela Reyes\\Desktop\\CDMX007-TIC-TAC-TOE-RN\\src\\components\\Board\\index.jsx","statementMap":{"0":{"start":{"line":10,"column":8},"end":{"line":10,"column":21}},"1":{"start":{"line":11,"column":8},"end":{"line":13,"column":9}},"2":{"start":{"line":14,"column":8},"end":{"line":14,"column":54}},"3":{"start":{"line":15,"column":8},"end":{"line":15,"column":51}},"4":{"start":{"line":19,"column":22},"end":{"line":19,"column":46}},"5":{"start":{"line":20,"column":21},"end":{"line":20,"column":36}},"6":{"start":{"line":21,"column":8},"end":{"line":21,"column":49}},"7":{"start":{"line":22,"column":8},"end":{"line":22,"column":37}},"8":{"start":{"line":23,"column":8},"end":{"line":23,"column":31}},"9":{"start":{"line":27,"column":8},"end":{"line":27,"column":51}},"10":{"start":{"line":31,"column":8},"end":{"line":46,"column":9}},"11":{"start":{"line":38,"column":24},"end":{"line":42,"column":40}},"12":{"start":{"line":50,"column":0},"end":{"line":53,"column":2}}},"fnMap":{"0":{"name":"(anonymous_0)","decl":{"start":{"line":9,"column":4},"end":{"line":9,"column":5}},"loc":{"start":{"line":9,"column":22},"end":{"line":16,"column":5}},"line":9},"1":{"name":"(anonymous_1)","decl":{"start":{"line":18,"column":4},"end":{"line":18,"column":5}},"loc":{"start":{"line":18,"column":18},"end":{"line":24,"column":5}},"line":18},"2":{"name":"(anonymous_2)","decl":{"start":{"line":26,"column":4},"end":{"line":26,"column":5}},"loc":{"start":{"line":26,"column":16},"end":{"line":28,"column":5}},"line":26},"3":{"name":"(anonymous_3)","decl":{"start":{"line":30,"column":4},"end":{"line":30,"column":5}},"loc":{"start":{"line":30,"column":12},"end":{"line":47,"column":5}},"line":30},"4":{"name":"(anonymous_4)","decl":{"start":{"line":37,"column":42},"end":{"line":37,"column":43}},"loc":{"start":{"line":38,"column":24},"end":{"line":42,"column":40}},"line":38}},"branchMap":{"0":{"loc":{"start":{"line":21,"column":32},"end":{"line":21,"column":47}},"type":"cond-expr","locations":[{"start":{"line":21,"column":39},"end":{"line":21,"column":42}},{"start":{"line":21,"column":44},"end":{"line":21,"column":47}}],"line":21}},"s":{"0":6,"1":6,"2":6,"3":6,"4":0,"5":0,"6":0,"7":0,"8":0,"9":0,"10":6,"11":54,"12":1},"f":{"0":6,"1":0,"2":0,"3":6,"4":54},"b":{"0":[0,0]},"_coverageSchema":"43e27e138ebf9cfc5966b082cf9a028302ed4184","hash":"b9f7464e300f1b23d0032e5e9ec82747b446e6a1"}
,"C:\\Users\\Isela Reyes\\Desktop\\CDMX007-TIC-TAC-TOE-RN\\src\\components\\Squarebox\\index.jsx": {"path":"C:\\Users\\Isela Reyes\\Desktop\\CDMX007-TIC-TAC-TOE-RN\\src\\components\\Squarebox\\index.jsx","statementMap":{"0":{"start":{"line":8,"column":45},"end":{"line":8,"column":55}},"1":{"start":{"line":9,"column":22},"end":{"line":9,"column":67}},"2":{"start":{"line":10,"column":8},"end":{"line":17,"column":9}},"3":{"start":{"line":21,"column":0},"end":{"line":29,"column":1}}},"fnMap":{"0":{"name":"(anonymous_0)","decl":{"start":{"line":7,"column":3},"end":{"line":7,"column":4}},"loc":{"start":{"line":7,"column":11},"end":{"line":18,"column":4}},"line":7}},"branchMap":{"0":{"loc":{"start":{"line":9,"column":36},"end":{"line":9,"column":64}},"type":"cond-expr","locations":[{"start":{"line":9,"column":49},"end":{"line":9,"column":56}},{"start":{"line":9,"column":58},"end":{"line":9,"column":64}}],"line":9}},"s":{"0":45,"1":45,"2":45,"3":1},"f":{"0":45},"b":{"0":[0,45]},"_coverageSchema":"43e27e138ebf9cfc5966b082cf9a028302ed4184","hash":"ece808bc311fba0491d9f40f1e630e6e247da693"}
}
