TN:
SF:C:\Users\Isela Reyes\Desktop\CDMX007-TIC-TAC-TOE-RN\src\components\Board\index.jsx
FN:9,(anonymous_0)
FN:20,(anonymous_1)
FN:34,(anonymous_2)
FN:38,(anonymous_3)
FN:42,(anonymous_4)
FN:51,(anonymous_5)
FNF:6
FNH:3
FNDA:6,(anonymous_0)
FNDA:0,(anonymous_1)
FNDA:0,(anonymous_2)
FNDA:0,(anonymous_3)
FNDA:6,(anonymous_4)
FNDA:54,(anonymous_5)
DA:10,6
DA:11,6
DA:15,6
DA:16,6
DA:17,6
DA:22,0
DA:23,0
DA:24,0
DA:25,0
DA:26,0
DA:27,0
DA:29,0
DA:30,0
DA:31,0
DA:35,0
DA:39,0
DA:43,6
DA:52,54
DA:64,1
LF:19
LH:8
BRDA:24,0,0,0
BRDA:24,0,1,0
BRDA:29,1,0,0
BRDA:29,1,1,0
BRF:4
BRH:0
end_of_record
TN:
SF:C:\Users\Isela Reyes\Desktop\CDMX007-TIC-TAC-TOE-RN\src\components\Squarebox\index.jsx
FN:7,(anonymous_0)
FNF:1
FNH:1
FNDA:45,(anonymous_0)
DA:8,45
DA:9,45
DA:10,45
DA:21,1
LF:4
LH:4
BRDA:9,0,0,0
BRDA:9,0,1,45
BRF:2
BRH:1
end_of_record
